<?xml version="1.0" encoding="UTF-8"?>
<!-- Generated by org.testng.reporters.JUnitXMLReporter -->
<testsuite hostname="DESKTOP-I1Q25AO" ignored="0" name="Test" tests="4" failures="0" timestamp="2020-12-29T20:08:37 IST" time="50.523" errors="0">
  <testcase name="basePageLogin" time="1.379" classname="WatchVideoTest.userErrorTest"/>
  <testcase name="basePageNavigation" time="1.034" classname="WatchVideoTest.validateProcessTest"/>
  <testcase name="clickVideo" time="11.193" classname="WatchVideoTest.validateProcessTest"/>
  <testcase name="watchEditVideo" time="20.2" classname="WatchVideoTest.validateProcessTest"/>
</testsuite> <!-- Test -->
