<?xml version="1.0" encoding="UTF-8"?>
<!-- Generated by org.testng.reporters.JUnitXMLReporter -->
<testsuite hostname="DESKTOP-I1Q25AO" ignored="0" name="validateProcess" tests="3" failures="0" timestamp="2020-12-29T20:18:27 IST" time="48.925" errors="0">
  <testcase name="basePageNavigation" time="2.543" classname="WatchVideoTest.validateProcessTest"/>
  <testcase name="clickVideo" time="14.053" classname="WatchVideoTest.validateProcessTest"/>
  <testcase name="watchEditVideo" time="20.574" classname="WatchVideoTest.validateProcessTest"/>
</testsuite> <!-- validateProcess -->
